<?xml version='1.0'?>
<ns2:test-suite xmlns:ns2='urn:model.allure.qatools.yandex.ru' start='1664262551973' stop='1664262558040'>
    <name>Volvo application</name>
    <title>Volvo application</title>
    <test-cases>
        <test-case start='1664262551975' status='broken' stop='1664262555890'>
            <name>To verify the volvo quotes is displayed or not</name>
            <title>To verify the volvo quotes is displayed or not</title>
            <labels>
                <label name='language' value='javascript'/>
                <label name='framework' value='wdio'/>
                <label name='thread' value='0-0'/>
            </labels>
            <parameters>
                <parameter kind='argument' name='browser' value='chrome-105.0.5195.127'/>
            </parameters>
            <steps>
                <step start='1664262551980' status='passed' stop='1664262555711'>
                    <name>POST /session/:sessionId/url</name>
                    <title>POST /session/:sessionId/url</title>
                    <attachments>
                        <attachment title='Request' source='45dcf550-bd67-464a-b787-05ff05ff4217-attachment.json' type='application/json' size='73'/>
                    </attachments>
                    <steps/>
                </step>
                <step start='1664262555723' status='passed' stop='1664262555888'>
                    <name>GET /session/:sessionId/screenshot</name>
                    <title>GET /session/:sessionId/screenshot</title>
                    <attachments>
                        <attachment title='Screenshot' source='a2f1ffdc-b780-48d4-952c-6efac097ac09-attachment.png' type='image/png' size='68139'/>
                    </attachments>
                    <steps/>
                </step>
            </steps>
            <attachments/>
            <failure>
                <message>Cannot read properties of undefined (reading 'isDevTools')</message>
                <stack-trace>TypeError: Cannot read properties of undefined (reading 'isDevTools')
                    at findElement (D:\volvo\node_modules\webdriverio\build\utils\index.js:216:15)
                    at $ (D:\volvo\node_modules\webdriverio\build\commands\browser\$.js:91:43)
                    at LoginPage.volvoQuotes (D:\volvo\test\pageobjects\/login.page.js:14:16)
                    at Context.&lt;anonymous> (D:\volvo\test\specs\/volvoTest.js:8:32)
                    at processTicksAndRejections (node:internal/process/task_queues:96:5)</stack-trace>
            </failure>
        </test-case>
        <test-case start='1664262555891' status='broken' stop='1664262558038'>
            <name>To verify the volvo image is displayed or not</name>
            <title>To verify the volvo image is displayed or not</title>
            <labels>
                <label name='language' value='javascript'/>
                <label name='framework' value='wdio'/>
                <label name='thread' value='0-0'/>
            </labels>
            <parameters>
                <parameter kind='argument' name='browser' value='chrome-105.0.5195.127'/>
            </parameters>
            <steps>
                <step start='1664262555893' status='passed' stop='1664262557855'>
                    <name>POST /session/:sessionId/url</name>
                    <title>POST /session/:sessionId/url</title>
                    <attachments>
                        <attachment title='Request' source='780c618d-c6db-4055-a86e-a3f7421bd4fe-attachment.json' type='application/json' size='73'/>
                    </attachments>
                    <steps/>
                </step>
                <step start='1664262557857' status='passed' stop='1664262558038'>
                    <name>GET /session/:sessionId/screenshot</name>
                    <title>GET /session/:sessionId/screenshot</title>
                    <attachments>
                        <attachment title='Screenshot' source='6095da69-ab71-44ff-ac7f-b907977d706c-attachment.png' type='image/png' size='71191'/>
                    </attachments>
                    <steps/>
                </step>
            </steps>
            <attachments/>
            <failure>
                <message>_login.default.$ is not a function</message>
                <stack-trace>TypeError: _login.default.$ is not a function
                    at Context.&lt;anonymous> (D:\volvo\test\specs\/volvoTest.js:14:35)
                    at processTicksAndRejections (node:internal/process/task_queues:96:5)</stack-trace>
            </failure>
        </test-case>
    </test-cases>
</ns2:test-suite>