<?xml version='1.0'?>
<ns2:test-suite xmlns:ns2='urn:model.allure.qatools.yandex.ru' start='1664274027707' stop='1664274032557'>
    <name>Volvo application</name>
    <title>Volvo application</title>
    <test-cases>
        <test-case start='1664274027709' status='broken' stop='1664274032322'>
            <name>To verify the volvo quotes is displayed or not</name>
            <title>To verify the volvo quotes is displayed or not</title>
            <labels>
                <label name='language' value='javascript'/>
                <label name='framework' value='wdio'/>
                <label name='thread' value='0-0'/>
            </labels>
            <parameters>
                <parameter kind='argument' name='browser' value='chrome-105.0.5195.127'/>
            </parameters>
            <steps>
                <step start='1664274027715' status='passed' stop='1664274032108'>
                    <name>POST /session/:sessionId/url</name>
                    <title>POST /session/:sessionId/url</title>
                    <attachments>
                        <attachment title='Request' source='a5e5becd-531e-4331-920f-a219a7d1e387-attachment.json' type='application/json' size='73'/>
                    </attachments>
                    <steps/>
                </step>
                <step start='1664274032125' status='passed' stop='1664274032318'>
                    <name>GET /session/:sessionId/screenshot</name>
                    <title>GET /session/:sessionId/screenshot</title>
                    <attachments>
                        <attachment title='Screenshot' source='482c7cc8-4e43-4f5e-93a2-234c2c366ad4-attachment.png' type='image/png' size='68085'/>
                    </attachments>
                    <steps/>
                </step>
            </steps>
            <attachments/>
            <failure>
                <message>Cannot read properties of undefined (reading 'isDevTools')</message>
                <stack-trace>TypeError: Cannot read properties of undefined (reading 'isDevTools')
                    at findElement (D:\volvo\node_modules\webdriverio\build\utils\index.js:216:15)
                    at $ (D:\volvo\node_modules\webdriverio\build\commands\browser\$.js:91:43)
                    at LoginPage.volvoQuotes (D:\volvo\test\pageobjects\/login.page.js:14:16)
                    at Context.&lt;anonymous> (D:\volvo\test\specs\/volvoTest.js:8:32)
                    at processTicksAndRejections (node:internal/process/task_queues:96:5)</stack-trace>
            </failure>
        </test-case>
        <test-case start='1664274032332' status='broken' stop='1664274032554'>
            <name>To verify the volvo image is displayed or not</name>
            <title>To verify the volvo image is displayed or not</title>
            <labels>
                <label name='language' value='javascript'/>
                <label name='framework' value='wdio'/>
                <label name='thread' value='0-0'/>
            </labels>
            <parameters>
                <parameter kind='argument' name='browser' value='chrome-105.0.5195.127'/>
            </parameters>
            <steps>
                <step start='1664274032338' status='passed' stop='1664274032554'>
                    <name>GET /session/:sessionId/screenshot</name>
                    <title>GET /session/:sessionId/screenshot</title>
                    <attachments>
                        <attachment title='Screenshot' source='2cd4ea1e-5283-444c-ac14-dd082b1a9767-attachment.png' type='image/png' size='68305'/>
                    </attachments>
                    <steps/>
                </step>
            </steps>
            <attachments/>
            <failure>
                <message>Cannot read properties of undefined (reading 'isDevTools')</message>
                <stack-trace>TypeError: Cannot read properties of undefined (reading 'isDevTools')
                    at findElement (D:\volvo\node_modules\webdriverio\build\utils\index.js:216:15)
                    at $ (D:\volvo\node_modules\webdriverio\build\commands\browser\$.js:91:43)
                    at Context.&lt;anonymous> (D:\volvo\test\specs\/volvoTest.js:13:24)
                    at Context.executeAsync (D:\volvo\node_modules\@wdio\utils\build\shim.js:333:27)
                    at Context.testFrameworkFnWrapper (D:\volvo\node_modules\@wdio\utils\build\test-framework\testFnWrapper.js:51:32)</stack-trace>
            </failure>
        </test-case>
    </test-cases>
</ns2:test-suite>