<?xml version='1.0'?>
<ns2:test-suite xmlns:ns2='urn:model.allure.qatools.yandex.ru' start='1664261332283' stop='1664261338937'>
    <name>Volvo application</name>
    <title>Volvo application</title>
    <test-cases>
        <test-case start='1664261332284' status='broken' stop='1664261336578'>
            <name>To verify the volvo quotes is displayed or not</name>
            <title>To verify the volvo quotes is displayed or not</title>
            <labels>
                <label name='language' value='javascript'/>
                <label name='framework' value='wdio'/>
                <label name='thread' value='0-0'/>
            </labels>
            <parameters>
                <parameter kind='argument' name='browser' value='chrome-105.0.5195.127'/>
            </parameters>
            <steps>
                <step start='1664261332289' status='passed' stop='1664261336402'>
                    <name>POST /session/:sessionId/url</name>
                    <title>POST /session/:sessionId/url</title>
                    <attachments>
                        <attachment title='Request' source='8f725b2d-5ef8-4bf1-a1e4-732ada0976b7-attachment.json' type='application/json' size='73'/>
                    </attachments>
                    <steps/>
                </step>
                <step start='1664261336410' status='passed' stop='1664261336577'>
                    <name>GET /session/:sessionId/screenshot</name>
                    <title>GET /session/:sessionId/screenshot</title>
                    <attachments>
                        <attachment title='Screenshot' source='14338f5e-e1f4-4467-ac95-f8b6308b5b43-attachment.png' type='image/png' size='80287'/>
                    </attachments>
                    <steps/>
                </step>
            </steps>
            <attachments/>
            <failure>
                <message>Cannot read properties of undefined (reading 'isDevTools')</message>
                <stack-trace>TypeError: Cannot read properties of undefined (reading 'isDevTools')
                    at findElement (D:\volvo\node_modules\webdriverio\build\utils\index.js:216:15)
                    at $ (D:\volvo\node_modules\webdriverio\build\commands\browser\$.js:91:43)
                    at LoginPage.volvoQuotes (D:\volvo\test\pageobjects\/login.page.js:14:16)
                    at Context.&lt;anonymous> (D:\volvo\test\specs\/volvoTest.js:7:32)
                    at processTicksAndRejections (node:internal/process/task_queues:96:5)</stack-trace>
            </failure>
        </test-case>
        <test-case start='1664261336580' status='broken' stop='1664261338936'>
            <name>To verify the volvo image is displayed or not</name>
            <title>To verify the volvo image is displayed or not</title>
            <labels>
                <label name='language' value='javascript'/>
                <label name='framework' value='wdio'/>
                <label name='thread' value='0-0'/>
            </labels>
            <parameters>
                <parameter kind='argument' name='browser' value='chrome-105.0.5195.127'/>
            </parameters>
            <steps>
                <step start='1664261336581' status='passed' stop='1664261338769'>
                    <name>POST /session/:sessionId/url</name>
                    <title>POST /session/:sessionId/url</title>
                    <attachments>
                        <attachment title='Request' source='d540a769-554d-4426-8c89-ba0ed913b40a-attachment.json' type='application/json' size='73'/>
                    </attachments>
                    <steps/>
                </step>
                <step start='1664261338770' status='passed' stop='1664261338935'>
                    <name>GET /session/:sessionId/screenshot</name>
                    <title>GET /session/:sessionId/screenshot</title>
                    <attachments>
                        <attachment title='Screenshot' source='27601870-aaaa-4dc8-b0cd-d19e7c8b2c87-attachment.png' type='image/png' size='69355'/>
                    </attachments>
                    <steps/>
                </step>
            </steps>
            <attachments/>
            <failure>
                <message>_login.default.MenuText.isDisplayed is not a function</message>
                <stack-trace>TypeError: _login.default.MenuText.isDisplayed is not a function
                    at Context.&lt;anonymous> (D:\volvo\test\specs\/volvoTest.js:13:40)
                    at processTicksAndRejections (node:internal/process/task_queues:96:5)</stack-trace>
            </failure>
        </test-case>
    </test-cases>
</ns2:test-suite>