<?xml version='1.0'?>
<ns2:test-suite xmlns:ns2='urn:model.allure.qatools.yandex.ru' start='1664262797555' stop='1664262804140'>
    <name>Volvo application</name>
    <title>Volvo application</title>
    <test-cases>
        <test-case start='1664262797555' status='broken' stop='1664262801758'>
            <name>To verify the volvo quotes is displayed or not</name>
            <title>To verify the volvo quotes is displayed or not</title>
            <labels>
                <label name='language' value='javascript'/>
                <label name='framework' value='wdio'/>
                <label name='thread' value='0-0'/>
            </labels>
            <parameters>
                <parameter kind='argument' name='browser' value='chrome-105.0.5195.127'/>
            </parameters>
            <steps>
                <step start='1664262797575' status='passed' stop='1664262801572'>
                    <name>POST /session/:sessionId/url</name>
                    <title>POST /session/:sessionId/url</title>
                    <attachments>
                        <attachment title='Request' source='c21e6d66-e5ef-464c-8e15-eb6d2db2bacf-attachment.json' type='application/json' size='73'/>
                    </attachments>
                    <steps/>
                </step>
                <step start='1664262801591' status='passed' stop='1664262801756'>
                    <name>GET /session/:sessionId/screenshot</name>
                    <title>GET /session/:sessionId/screenshot</title>
                    <attachments>
                        <attachment title='Screenshot' source='4da5c02a-29b0-4e43-b90a-52c94ba34669-attachment.png' type='image/png' size='80173'/>
                    </attachments>
                    <steps/>
                </step>
            </steps>
            <attachments/>
            <failure>
                <message>Cannot read properties of undefined (reading 'isDevTools')</message>
                <stack-trace>TypeError: Cannot read properties of undefined (reading 'isDevTools')
                    at findElement (D:\volvo\node_modules\webdriverio\build\utils\index.js:216:15)
                    at $ (D:\volvo\node_modules\webdriverio\build\commands\browser\$.js:91:43)
                    at LoginPage.volvoQuotes (D:\volvo\test\pageobjects\/login.page.js:14:16)
                    at Context.&lt;anonymous> (D:\volvo\test\specs\/volvoTest.js:8:32)
                    at processTicksAndRejections (node:internal/process/task_queues:96:5)</stack-trace>
            </failure>
        </test-case>
        <test-case start='1664262801759' status='broken' stop='1664262804138'>
            <name>To verify the volvo image is displayed or not</name>
            <title>To verify the volvo image is displayed or not</title>
            <labels>
                <label name='language' value='javascript'/>
                <label name='framework' value='wdio'/>
                <label name='thread' value='0-0'/>
            </labels>
            <parameters>
                <parameter kind='argument' name='browser' value='chrome-105.0.5195.127'/>
            </parameters>
            <steps>
                <step start='1664262801761' status='passed' stop='1664262803981'>
                    <name>POST /session/:sessionId/url</name>
                    <title>POST /session/:sessionId/url</title>
                    <attachments>
                        <attachment title='Request' source='093eed80-faf8-4b70-9d5e-d8c3ac9589b6-attachment.json' type='application/json' size='73'/>
                    </attachments>
                    <steps/>
                </step>
                <step start='1664262803984' status='passed' stop='1664262804137'>
                    <name>GET /session/:sessionId/screenshot</name>
                    <title>GET /session/:sessionId/screenshot</title>
                    <attachments>
                        <attachment title='Screenshot' source='1ea9f833-253c-4b73-bbe7-1720822cb595-attachment.png' type='image/png' size='71191'/>
                    </attachments>
                    <steps/>
                </step>
            </steps>
            <attachments/>
            <failure>
                <message>Cannot read properties of undefined (reading 'isDevTools')</message>
                <stack-trace>TypeError: Cannot read properties of undefined (reading 'isDevTools')
                    at findElement (D:\volvo\node_modules\webdriverio\build\utils\index.js:216:15)
                    at $ (D:\volvo\node_modules\webdriverio\build\commands\browser\$.js:91:43)
                    at Context.&lt;anonymous> (D:\volvo\test\specs\/volvoTest.js:14:25)
                    at processTicksAndRejections (node:internal/process/task_queues:96:5)</stack-trace>
            </failure>
        </test-case>
    </test-cases>
</ns2:test-suite>