<?xml version='1.0'?>
<ns2:test-suite xmlns:ns2='urn:model.allure.qatools.yandex.ru' start='1664282912767' stop='1664282919681'>
    <name>Volvo application</name>
    <title>Volvo application</title>
    <test-cases>
        <test-case start='1664282912768' status='broken' stop='1664282916795'>
            <name>To verify the volvo quotes is displayed or not</name>
            <title>To verify the volvo quotes is displayed or not</title>
            <labels>
                <label name='language' value='javascript'/>
                <label name='framework' value='wdio'/>
                <label name='thread' value='0-0'/>
            </labels>
            <parameters>
                <parameter kind='argument' name='browser' value='chrome-105.0.5195.127'/>
            </parameters>
            <steps>
                <step start='1664282912775' status='passed' stop='1664282916578'>
                    <name>POST /session/:sessionId/url</name>
                    <title>POST /session/:sessionId/url</title>
                    <attachments>
                        <attachment title='Request' source='1d9f34a2-6ee6-4c37-8fc1-59b7bf5d8125-attachment.json' type='application/json' size='73'/>
                    </attachments>
                    <steps/>
                </step>
                <step start='1664282916591' status='passed' stop='1664282916793'>
                    <name>GET /session/:sessionId/screenshot</name>
                    <title>GET /session/:sessionId/screenshot</title>
                    <attachments>
                        <attachment title='Screenshot' source='568216b2-48bc-49bb-b167-2c84ff5fa6e3-attachment.png' type='image/png' size='79492'/>
                    </attachments>
                    <steps/>
                </step>
            </steps>
            <attachments/>
            <failure>
                <message>Cannot read properties of undefined (reading 'isDevTools')</message>
                <stack-trace>TypeError: Cannot read properties of undefined (reading 'isDevTools')
                    at findElement (D:\volvo\node_modules\webdriverio\build\utils\index.js:216:15)
                    at $ (D:\volvo\node_modules\webdriverio\build\commands\browser\$.js:91:43)
                    at LoginPage.volvoQuotes (D:\volvo\test\pageobjects\/login.page.js:14:16)
                    at Context.&lt;anonymous> (D:\volvo\test\specs\/volvoTest.js:7:32)
                    at processTicksAndRejections (node:internal/process/task_queues:96:5)</stack-trace>
            </failure>
        </test-case>
        <test-case start='1664282916796' status='passed' stop='1664282916896'>
            <name>To verify the volvo logo is displayed or not</name>
            <title>To verify the volvo logo is displayed or not</title>
            <labels>
                <label name='language' value='javascript'/>
                <label name='framework' value='wdio'/>
                <label name='thread' value='0-0'/>
            </labels>
            <parameters>
                <parameter kind='argument' name='browser' value='chrome-105.0.5195.127'/>
            </parameters>
            <steps>
                <step start='1664282916800' status='passed' stop='1664282916851'>
                    <name>POST /session/:sessionId/element</name>
                    <title>POST /session/:sessionId/element</title>
                    <attachments>
                        <attachment title='Request' source='e6dd5a27-632d-4cee-9b2c-c2e0e9e580d8-attachment.json' type='application/json' size='75'/>
                        <attachment title='Response' source='5a6cb442-25a8-404e-bc74-8f9aa77241b9-attachment.json' type='application/json' size='83'/>
                    </attachments>
                    <steps/>
                </step>
                <step start='1664282916866' status='passed' stop='1664282916894'>
                    <name>POST /session/:sessionId/execute/sync</name>
                    <title>POST /session/:sessionId/execute/sync</title>
                    <attachments>
                        <attachment title='Request' source='f1ed2fd0-4c2e-486b-b15c-d9bface3aa9c-attachment.json' type='application/json' size='8331'/>
                    </attachments>
                    <steps/>
                </step>
            </steps>
            <attachments/>
        </test-case>
        <test-case start='1664282916897' status='passed' stop='1664282919187'>
            <name>To check logo has link</name>
            <title>To check logo has link</title>
            <labels>
                <label name='language' value='javascript'/>
                <label name='framework' value='wdio'/>
                <label name='thread' value='0-0'/>
            </labels>
            <parameters>
                <parameter kind='argument' name='browser' value='chrome-105.0.5195.127'/>
            </parameters>
            <steps>
                <step start='1664282916898' status='passed' stop='1664282919179'>
                    <name>POST /session/:sessionId/url</name>
                    <title>POST /session/:sessionId/url</title>
                    <attachments>
                        <attachment title='Request' source='46240cb2-74f8-4cf8-9fa2-66ff8d45a019-attachment.json' type='application/json' size='73'/>
                    </attachments>
                    <steps/>
                </step>
                <step start='1664282919181' status='undefined'>
                    <name>POST /session/:sessionId/element</name>
                    <title>POST /session/:sessionId/element</title>
                    <attachments>
                        <attachment title='Request' source='3b01fb4d-2306-41bc-9d67-5f32075c2d88-attachment.json' type='application/json' size='75'/>
                    </attachments>
                    <steps/>
                </step>
            </steps>
            <attachments/>
        </test-case>
        <test-case start='1664282919189' status='broken' stop='1664282919564'>
            <name>To get submenu</name>
            <title>To get submenu</title>
            <labels>
                <label name='language' value='javascript'/>
                <label name='framework' value='wdio'/>
                <label name='thread' value='0-0'/>
            </labels>
            <parameters>
                <parameter kind='argument' name='browser' value='chrome-105.0.5195.127'/>
            </parameters>
            <steps>
                <step start='1664282919194' status='passed' stop='1664282919315'>
                    <name>GET /session/:sessionId/screenshot</name>
                    <title>GET /session/:sessionId/screenshot</title>
                    <attachments>
                        <attachment title='Response' source='94a6537b-937e-4ed9-9983-753f352f0c9b-attachment.json' type='application/json' size='83'/>
                    </attachments>
                    <steps/>
                </step>
                <step start='1664282919326' status='passed' stop='1664282919563'>
                    <name>GET /session/:sessionId/element/063157cc-5215-4d03-a425-5b04834485bf/attribute/href</name>
                    <title>GET /session/:sessionId/element/063157cc-5215-4d03-a425-5b04834485bf/attribute/href</title>
                    <attachments>
                        <attachment title='Screenshot' source='8e4bc7cd-3c66-4577-9e03-30112bf9a831-attachment.png' type='image/png' size='69355'/>
                    </attachments>
                    <steps/>
                </step>
            </steps>
            <attachments/>
            <failure>
                <message>this.parentMenu.$$ is not a function</message>
                <stack-trace>TypeError: this.parentMenu.$$ is not a function
                    at LoginPage.childElements (D:\volvo\test\pageobjects\/login.page.js:29:33)
                    at LoginPage.getTextForEm (D:\volvo\test\pageobjects\/login.page.js:32:21)
                    at Context.&lt;anonymous> (D:\volvo\test\specs\/volvoTest.js:28:19)
                    at Context.executeAsync (D:\volvo\node_modules\@wdio\utils\build\shim.js:333:27)
                    at Context.testFrameworkFnWrapper (D:\volvo\node_modules\@wdio\utils\build\test-framework\testFnWrapper.js:51:32)</stack-trace>
            </failure>
        </test-case>
        <test-case start='1664282919564' status='passed' stop='1664282919678'>
            <name>should fetch menu links and visit each page</name>
            <title>should fetch menu links and visit each page</title>
            <labels>
                <label name='language' value='javascript'/>
                <label name='framework' value='wdio'/>
                <label name='thread' value='0-0'/>
            </labels>
            <parameters>
                <parameter kind='argument' name='browser' value='chrome-105.0.5195.127'/>
            </parameters>
            <steps>
                <step start='1664282919567' status='passed' stop='1664282919594'>
                    <name>POST /session/:sessionId/elements</name>
                    <title>POST /session/:sessionId/elements</title>
                    <attachments>
                        <attachment title='Request' source='4d16c7c6-8fb1-4f7a-ab98-8bf8a526cf53-attachment.json' type='application/json' size='70'/>
                        <attachment title='Response' source='3778c1c8-3f35-4683-a810-2d9e6693957a-attachment.json' type='application/json' size='32'/>
                    </attachments>
                    <steps/>
                </step>
            </steps>
            <attachments>
                <attachment title='Response' source='18e06a76-e47d-4c1f-9cd1-cef449e8105e-attachment.json' type='application/json' size='93'/>
            </attachments>
        </test-case>
    </test-cases>
</ns2:test-suite>